Using pre-set license
Built from '2020.3/staging' branch; Version is '2020.3.25f1 (9b9180224418) revision 10195328'; Using compiler version '192528614'; Build Type 'Release'
OS: 'Windows 10  (10.0.19041) 64bit CoreSingleLanguage' Language: 'tr' Physical Memory: 16339 MB
BatchMode: 1, IsHumanControllingUs: 0, StartBugReporterOnCrash: 0, Is64bit: 1, IsPro: 0

COMMAND LINE ARGUMENTS:
D:\Unity\2020.3.25f1\Editor\Unity.exe
-adb2
-batchMode
-noUpm
-name
AssetImportWorker0
-projectPath
D:/GameProjects/HyperCasualCarGame/CarGame
-logFile
Logs/AssetImportWorker0.log
-srvPort
49948
Successfully changed project path to: D:/GameProjects/HyperCasualCarGame/CarGame
D:/GameProjects/HyperCasualCarGame/CarGame
Using Asset Import Pipeline V2.
Refreshing native plugins compatible for Editor in 35.51 ms, found 2 plugins.
Preloading 0 native plugins for Editor in 0.00 ms.
Initialize engine version: 2020.3.25f1 (9b9180224418)
[Subsystems] Discovering subsystems at path D:/Unity/2020.3.25f1/Editor/Data/Resources/UnitySubsystems
[Subsystems] Discovering subsystems at path D:/GameProjects/HyperCasualCarGame/CarGame/Assets
GfxDevice: creating device client; threaded=0
Direct3D:
    Version:  Direct3D 11.0 [level 11.1]
    Renderer: NVIDIA GeForce GTX 1050 Ti (ID=0x1c82)
    Vendor:   
    VRAM:     4018 MB
    Driver:   30.0.14.9729
Initialize mono
Mono path[0] = 'D:/Unity/2020.3.25f1/Editor/Data/Managed'
Mono path[1] = 'D:/Unity/2020.3.25f1/Editor/Data/MonoBleedingEdge/lib/mono/unityjit'
Mono config path = 'D:/Unity/2020.3.25f1/Editor/Data/MonoBleedingEdge/etc'
Using monoOptions --debugger-agent=transport=dt_socket,embedding=1,server=y,suspend=n,address=127.0.0.1:56272
Begin MonoManager ReloadAssembly
Registering precompiled unity dll's ...
Register platform support module: D:/Unity/2020.3.25f1/Editor/Data/PlaybackEngines/WebGLSupport/UnityEditor.WebGL.Extensions.dll
Register platform support module: D:/Unity/2020.3.25f1/Editor/Data/PlaybackEngines/WindowsStandaloneSupport/UnityEditor.WindowsStandalone.Extensions.dll
Registered in 0.001698 seconds.
Native extension for WindowsStandalone target not found
Native extension for WebGL target not found
Refreshing native plugins compatible for Editor in 32.90 ms, found 2 plugins.
Preloading 0 native plugins for Editor in 0.00 ms.
Mono: successfully reloaded assembly
- Completed reload, in  0.629 seconds
Domain Reload Profiling:
	ReloadAssembly (629ms)
		BeginReloadAssembly (75ms)
			ExecutionOrderSort (0ms)
			DisableScriptedObjects (0ms)
			BackupInstance (0ms)
			ReleaseScriptingObjects (0ms)
			CreateAndSetChildDomain (1ms)
		EndReloadAssembly (484ms)
			LoadAssemblies (75ms)
			RebuildTransferFunctionScriptingTraits (0ms)
			SetupTypeCache (164ms)
			ReleaseScriptCaches (0ms)
			RebuildScriptCaches (34ms)
			SetupLoadedEditorAssemblies (167ms)
				LogAssemblyErrors (0ms)
				InitializePlatformSupportModulesInManaged (5ms)
				SetLoadedEditorAssemblies (0ms)
				RefreshPlugins (33ms)
				BeforeProcessingInitializeOnLoad (16ms)
				ProcessInitializeOnLoadAttributes (84ms)
				ProcessInitializeOnLoadMethodAttributes (28ms)
				AfterProcessingInitializeOnLoad (0ms)
				EditorAssembliesLoaded (0ms)
			ExecutionOrderSort2 (0ms)
			AwakeInstancesAfterBackupRestoration (0ms)
Platform modules already initialized, skipping
Registering precompiled user dll's ...
Registered in 0.005091 seconds.
Begin MonoManager ReloadAssembly
Native extension for WindowsStandalone target not found
Native extension for WebGL target not found
Refreshing native plugins compatible for Editor in 0.32 ms, found 2 plugins.
Preloading 0 native plugins for Editor in 0.00 ms.
Mono: successfully reloaded assembly
- Completed reload, in  1.104 seconds
Domain Reload Profiling:
	ReloadAssembly (1105ms)
		BeginReloadAssembly (167ms)
			ExecutionOrderSort (0ms)
			DisableScriptedObjects (5ms)
			BackupInstance (0ms)
			ReleaseScriptingObjects (0ms)
			CreateAndSetChildDomain (19ms)
		EndReloadAssembly (879ms)
			LoadAssemblies (111ms)
			RebuildTransferFunctionScriptingTraits (0ms)
			SetupTypeCache (315ms)
			ReleaseScriptCaches (0ms)
			RebuildScriptCaches (47ms)
			SetupLoadedEditorAssemblies (330ms)
				LogAssemblyErrors (0ms)
				InitializePlatformSupportModulesInManaged (5ms)
				SetLoadedEditorAssemblies (0ms)
				RefreshPlugins (0ms)
				BeforeProcessingInitializeOnLoad (80ms)
				ProcessInitializeOnLoadAttributes (233ms)
				ProcessInitializeOnLoadMethodAttributes (9ms)
				AfterProcessingInitializeOnLoad (3ms)
				EditorAssembliesLoaded (0ms)
			ExecutionOrderSort2 (0ms)
			AwakeInstancesAfterBackupRestoration (7ms)
Platform modules already initialized, skipping
========================================================================
Worker process is ready to serve import requests
Launched and connected shader compiler UnityShaderCompiler.exe after 0.07 seconds
Refreshing native plugins compatible for Editor in 0.34 ms, found 2 plugins.
Preloading 0 native plugins for Editor in 0.00 ms.
Unloading 1501 Unused Serialized files (Serialized files now loaded: 0)
System memory in use before: 68.7 MB.
System memory in use after: 68.8 MB.

Unloading 19 unused Assets to reduce memory usage. Loaded Objects now: 1933.
Total: 2.700900 ms (FindLiveObjects: 0.135900 ms CreateObjectMapping: 0.048600 ms MarkObjects: 2.417400 ms  DeleteObjects: 0.098000 ms)

AssetImportParameters requested are different than current active one (requested -> active):
  custom:framework-win-MediaFoundation: 216162199b28c13a410421893ffa2e32 -> 
  custom:video-decoder-ogg-theora: a1e56fd34408186e4bbccfd4996cb3dc -> 
  custom:container-muxer-webm: aa71ff27fc2769a1b78a27578f13a17b -> 
  custom:container-demuxer-webm: 4f35f7cbe854078d1ac9338744f61a02 -> 
  custom:container-demuxer-ogg: 62fdf1f143b41e24485cea50d1cbac27 -> 
  custom:video-encoder-webm-vp8: eb34c28f22e8b96e1ab97ce403110664 -> 
  custom:video-decoder-webm-vp8: 9c59270c3fd7afecdb556c50c9e8de78 -> 
  custom:audio-decoder-ogg-vorbis: bf7c407c2cedff20999df2af8eb42d56 -> 
  custom:audio-encoder-webm-vorbis: bf7c407c2cedff20999df2af8eb42d56 -> 
========================================================================
Received Import Request.
  path: Assets/Final Form Studio/Cars
  artifactKey: Guid(4219668a45b230e41a4242fca145316a) Importer(815301076,1909f56bfc062723c751e8b465ee728b)
Start importing Assets/Final Form Studio/Cars using Guid(4219668a45b230e41a4242fca145316a) Importer(815301076,1909f56bfc062723c751e8b465ee728b)  -> (artifact id: 'ee978f9c5426cefbfbe058334326dac5') in 0.009201 seconds 
  Import took 0.012056 seconds .

========================================================================
Received Import Request.
  Time since last request: 0.000260 seconds.
  path: Assets/Final Form Studio
  artifactKey: Guid(64647fc38f05bff4e9ed3d90210ed1c7) Importer(815301076,1909f56bfc062723c751e8b465ee728b)
Start importing Assets/Final Form Studio using Guid(64647fc38f05bff4e9ed3d90210ed1c7) Importer(815301076,1909f56bfc062723c751e8b465ee728b)  -> (artifact id: 'e7d0fce0ec4677bc13655dfc21e2d8f1') in 0.011331 seconds 
  Import took 0.013902 seconds .

========================================================================
Received Import Request.
  Time since last request: 0.169099 seconds.
  path: Assets/Final Form Studio/Cars/Sedan-car-01
  artifactKey: Guid(7beed5789acb8034cb64de7fb9eb476b) Importer(815301076,1909f56bfc062723c751e8b465ee728b)
Start importing Assets/Final Form Studio/Cars/Sedan-car-01 using Guid(7beed5789acb8034cb64de7fb9eb476b) Importer(815301076,1909f56bfc062723c751e8b465ee728b)  -> (artifact id: 'fb95912423faf8dddade3692ec3690a7') in 0.010764 seconds 
  Import took 0.013306 seconds .

========================================================================
Received Import Request.
  Time since last request: 0.286055 seconds.
  path: Assets/Final Form Studio/Cars/Sedan-car-01/sedan-car-01.fbx
  artifactKey: Guid(d1e985c0fb2658c4bb66c0dd53fe253c) Importer(815301076,1909f56bfc062723c751e8b465ee728b)
Start importing Assets/Final Form Studio/Cars/Sedan-car-01/sedan-car-01.fbx using Guid(d1e985c0fb2658c4bb66c0dd53fe253c) Importer(815301076,1909f56bfc062723c751e8b465ee728b)  -> (artifact id: '253529c13e198d7ee50f1cedccd81e6c') in 0.650618 seconds 
  Import took 0.654154 seconds .

========================================================================
Received Import Request.
  Time since last request: 0.000288 seconds.
  path: Assets/Final Form Studio/Cars/Sedan-car-01/wheel.fbx
  artifactKey: Guid(7fc5e78f5bf33a04e9490bb5454fc968) Importer(815301076,1909f56bfc062723c751e8b465ee728b)
Start importing Assets/Final Form Studio/Cars/Sedan-car-01/wheel.fbx using Guid(7fc5e78f5bf33a04e9490bb5454fc968) Importer(815301076,1909f56bfc062723c751e8b465ee728b)  -> (artifact id: 'b0958c0cd05a47d0eded303938d7a368') in 0.064317 seconds 
  Import took 0.066704 seconds .

========================================================================
Received Import Request.
  Time since last request: 0.861168 seconds.
  path: Assets/Final Form Studio/Cars/Sedan-car-01/prefab
  artifactKey: Guid(d936737da922ac9429d10fe931994690) Importer(815301076,1909f56bfc062723c751e8b465ee728b)
Start importing Assets/Final Form Studio/Cars/Sedan-car-01/prefab using Guid(d936737da922ac9429d10fe931994690) Importer(815301076,1909f56bfc062723c751e8b465ee728b)  -> (artifact id: 'c05b3b5f3d0f90d7781d963e17b1a953') in 0.009447 seconds 
  Import took 0.012639 seconds .

========================================================================
Received Import Request.
  Time since last request: 0.097266 seconds.
  path: Assets/Final Form Studio/Cars/Sedan-car-01/prefab/sedan-car-01.prefab
  artifactKey: Guid(5e1f1e4eda7b3f84a95afae22bd7c87e) Importer(815301076,1909f56bfc062723c751e8b465ee728b)
Start importing Assets/Final Form Studio/Cars/Sedan-car-01/prefab/sedan-car-01.prefab using Guid(5e1f1e4eda7b3f84a95afae22bd7c87e) Importer(815301076,1909f56bfc062723c751e8b465ee728b)  -> (artifact id: '7924a0f2610b8e11af48d71ed8388486') in 0.022165 seconds 
  Import took 0.026040 seconds .

========================================================================
Received Import Request.
  Time since last request: 50.015794 seconds.
  path: Assets/Final Form Studio/Cars/Sedan-car-01/materials_textures/body-color.mat
  artifactKey: Guid(40430770f4a9ba248b77f7117b72b256) Importer(815301076,1909f56bfc062723c751e8b465ee728b)
Start importing Assets/Final Form Studio/Cars/Sedan-car-01/materials_textures/body-color.mat using Guid(40430770f4a9ba248b77f7117b72b256) Importer(815301076,1909f56bfc062723c751e8b465ee728b)  -> (artifact id: '8a0b73dcdd6eb7e25057dad9dfa5c4ca') in 0.028275 seconds 
  Import took 0.031689 seconds .

========================================================================
Received Import Request.
  Time since last request: 0.000265 seconds.
  path: Assets/Final Form Studio/Cars/Sedan-car-01/materials_textures/sedan-car-01.png
  artifactKey: Guid(1bf763cfac8bff74d9dc6bf34a84313c) Importer(815301076,1909f56bfc062723c751e8b465ee728b)
Start importing Assets/Final Form Studio/Cars/Sedan-car-01/materials_textures/sedan-car-01.png using Guid(1bf763cfac8bff74d9dc6bf34a84313c) Importer(815301076,1909f56bfc062723c751e8b465ee728b)  -> (artifact id: '8480385684d1056b0fec0e01b3acd8ef') in 0.042098 seconds 
  Import took 0.044638 seconds .

========================================================================
Received Import Request.
  Time since last request: 0.000306 seconds.
  path: Assets/Final Form Studio/Cars/Sedan-car-01/materials_textures/rim-albedo.png
  artifactKey: Guid(23ca3f9ce212d644dabeb5684bd113ab) Importer(815301076,1909f56bfc062723c751e8b465ee728b)
Start importing Assets/Final Form Studio/Cars/Sedan-car-01/materials_textures/rim-albedo.png using Guid(23ca3f9ce212d644dabeb5684bd113ab) Importer(815301076,1909f56bfc062723c751e8b465ee728b)  -> (artifact id: 'bfd01c68e3b43ba3712d2a055daeb0ed') in 0.024463 seconds 
  Import took 0.027024 seconds .

========================================================================
Received Import Request.
  Time since last request: 0.000279 seconds.
  path: Assets/Final Form Studio/Cars/Sedan-car-01/materials_textures/body-matte-parts.mat
  artifactKey: Guid(0600b60f2501f9f4680e105c3725b63b) Importer(815301076,1909f56bfc062723c751e8b465ee728b)
Start importing Assets/Final Form Studio/Cars/Sedan-car-01/materials_textures/body-matte-parts.mat using Guid(0600b60f2501f9f4680e105c3725b63b) Importer(815301076,1909f56bfc062723c751e8b465ee728b)  -> (artifact id: '208b66124cd952e84847b80dafc45db8') in 0.018121 seconds 
  Import took 0.021677 seconds .

========================================================================
Received Import Request.
  Time since last request: 0.000335 seconds.
  path: Assets/Final Form Studio/Cars/Sedan-car-01/materials_textures/rim.mat
  artifactKey: Guid(de0556ea9a737764795a1577ea8a960c) Importer(815301076,1909f56bfc062723c751e8b465ee728b)
Start importing Assets/Final Form Studio/Cars/Sedan-car-01/materials_textures/rim.mat using Guid(de0556ea9a737764795a1577ea8a960c) Importer(815301076,1909f56bfc062723c751e8b465ee728b)  -> (artifact id: 'dda79acd300f8f64b3e427ef075f89fb') in 0.018820 seconds 
  Import took 0.022638 seconds .

========================================================================
Received Import Request.
  Time since last request: 52.169623 seconds.
  path: Assets/Final Form Studio/Cliff-scene/Props/Meshes/rock1_d.FBX
  artifactKey: Guid(ff345eb821740b944a74f1037a4004a7) Importer(815301076,1909f56bfc062723c751e8b465ee728b)
Start importing Assets/Final Form Studio/Cliff-scene/Props/Meshes/rock1_d.FBX using Guid(ff345eb821740b944a74f1037a4004a7) Importer(815301076,1909f56bfc062723c751e8b465ee728b)  -> (artifact id: 'bcca71637fb12a66eb22913c3a185af7') in 0.040094 seconds 
  Import took 0.043652 seconds .

========================================================================
Received Import Request.
  Time since last request: 0.000185 seconds.
  path: Assets/Final Form Studio/Cliff-scene/Props/Meshes/rock1_c.FBX
  artifactKey: Guid(5a88a0b58af7ee140838ea6edfdc9585) Importer(815301076,1909f56bfc062723c751e8b465ee728b)
Start importing Assets/Final Form Studio/Cliff-scene/Props/Meshes/rock1_c.FBX using Guid(5a88a0b58af7ee140838ea6edfdc9585) Importer(815301076,1909f56bfc062723c751e8b465ee728b)  -> (artifact id: '1914a64f0ef6d8ee5b6a63649450a929') in 0.029645 seconds 
  Import took 0.032417 seconds .

========================================================================
Received Import Request.
  Time since last request: 0.000239 seconds.
  path: Assets/Final Form Studio/Cars/_common-textures/brake-lights.mat
  artifactKey: Guid(e3d9e31be84590941929a82dae109279) Importer(815301076,1909f56bfc062723c751e8b465ee728b)
Start importing Assets/Final Form Studio/Cars/_common-textures/brake-lights.mat using Guid(e3d9e31be84590941929a82dae109279) Importer(815301076,1909f56bfc062723c751e8b465ee728b)  -> (artifact id: '7939381cf77d97e83b1b7f030716d818') in 0.017936 seconds 
  Import took 0.020899 seconds .

========================================================================
Received Import Request.
  Time since last request: 0.000142 seconds.
  path: Assets/Final Form Studio/Cliff-scene/Props/Materials and Textures/cliff.mat
  artifactKey: Guid(b8a1503afd257a9498a086443ece3b7e) Importer(815301076,1909f56bfc062723c751e8b465ee728b)
Start importing Assets/Final Form Studio/Cliff-scene/Props/Materials and Textures/cliff.mat using Guid(b8a1503afd257a9498a086443ece3b7e) Importer(815301076,1909f56bfc062723c751e8b465ee728b)  -> (artifact id: '11f3a4b7cebb79a149c904b8e7edc92f') in 0.021347 seconds 
  Import took 0.026310 seconds .

========================================================================
Received Import Request.
  Time since last request: 0.000260 seconds.
  path: Assets/Final Form Studio/Cliff-scene/Props/Meshes/rock1_a.FBX
  artifactKey: Guid(635d01881084cb545bf305255bc2b4c3) Importer(815301076,1909f56bfc062723c751e8b465ee728b)
Start importing Assets/Final Form Studio/Cliff-scene/Props/Meshes/rock1_a.FBX using Guid(635d01881084cb545bf305255bc2b4c3) Importer(815301076,1909f56bfc062723c751e8b465ee728b)  -> (artifact id: 'da95c701157c39688a246d2183423475') in 0.030579 seconds 
  Import took 0.033390 seconds .

========================================================================
Received Import Request.
  Time since last request: 0.000161 seconds.
  path: Assets/Final Form Studio/Cliff-scene/Props/Meshes/cliff.fbx
  artifactKey: Guid(6fbd6a7af6e737145a8ac95bb4d54086) Importer(815301076,1909f56bfc062723c751e8b465ee728b)
Start importing Assets/Final Form Studio/Cliff-scene/Props/Meshes/cliff.fbx using Guid(6fbd6a7af6e737145a8ac95bb4d54086) Importer(815301076,1909f56bfc062723c751e8b465ee728b)  -> (artifact id: 'ceca41fc97b560fad89ba928ec14bf16') in 0.049046 seconds 
  Import took 0.052428 seconds .

========================================================================
Received Import Request.
  Time since last request: 0.000153 seconds.
  path: Assets/Final Form Studio/Cliff-scene/Props/Meshes/rock1_b.FBX
  artifactKey: Guid(7ff606f7f5f9949408508e230019cc67) Importer(815301076,1909f56bfc062723c751e8b465ee728b)
Start importing Assets/Final Form Studio/Cliff-scene/Props/Meshes/rock1_b.FBX using Guid(7ff606f7f5f9949408508e230019cc67) Importer(815301076,1909f56bfc062723c751e8b465ee728b)  -> (artifact id: '2682735a3add2b96c7c6083e4367411a') in 0.029012 seconds 
  Import took 0.031748 seconds .

========================================================================
Received Import Request.
  Time since last request: 0.769708 seconds.
  path: Assets/Final Form Studio/Cars/_common-textures/glass.mat
  artifactKey: Guid(ae620c4242c52604592822d3e95e7c69) Importer(815301076,1909f56bfc062723c751e8b465ee728b)
Start importing Assets/Final Form Studio/Cars/_common-textures/glass.mat using Guid(ae620c4242c52604592822d3e95e7c69) Importer(815301076,1909f56bfc062723c751e8b465ee728b)  -> (artifact id: '706345555973516af63766c5f21dcf86') in 0.017871 seconds 
  Import took 0.023075 seconds .

========================================================================
Received Import Request.
  Time since last request: 0.288485 seconds.
  path: Assets/Final Form Studio/Cars/_common-textures/leds-rear.mat
  artifactKey: Guid(54ec127daf14ab945936a7282f19effe) Importer(815301076,1909f56bfc062723c751e8b465ee728b)
Start importing Assets/Final Form Studio/Cars/_common-textures/leds-rear.mat using Guid(54ec127daf14ab945936a7282f19effe) Importer(815301076,1909f56bfc062723c751e8b465ee728b)  -> (artifact id: '8a092ba2b48331b7eb2e4996fd0b425b') in 0.034082 seconds 
  Import took 0.043335 seconds .

========================================================================
Received Import Request.
  Time since last request: 0.213310 seconds.
  path: Assets/Final Form Studio/Cars/_common-textures/mirrors.mat
  artifactKey: Guid(7930fb2e9e9f0d045a6996d3a9e8bc95) Importer(815301076,1909f56bfc062723c751e8b465ee728b)
Start importing Assets/Final Form Studio/Cars/_common-textures/mirrors.mat using Guid(7930fb2e9e9f0d045a6996d3a9e8bc95) Importer(815301076,1909f56bfc062723c751e8b465ee728b)  -> (artifact id: 'ace9dbc44cda27c83eeb1a839bf58548') in 0.019262 seconds 
  Import took 0.023074 seconds .

========================================================================
Received Import Request.
  Time since last request: 0.000188 seconds.
  path: Assets/Final Form Studio/Cars/_common-textures/orange-lights.mat
  artifactKey: Guid(d3e03ede2aad4b8459875c68d65929c4) Importer(815301076,1909f56bfc062723c751e8b465ee728b)
Start importing Assets/Final Form Studio/Cars/_common-textures/orange-lights.mat using Guid(d3e03ede2aad4b8459875c68d65929c4) Importer(815301076,1909f56bfc062723c751e8b465ee728b)  -> (artifact id: '66517f5025df6582666e856314b31484') in 0.015814 seconds 
  Import took 0.019518 seconds .

========================================================================
Received Import Request.
  Time since last request: 0.000167 seconds.
  path: Assets/Final Form Studio/Cliff-scene/Props/Materials and Textures/palm-tree-leaves.mat
  artifactKey: Guid(99f66698ff7562745a97a8ca3724b747) Importer(815301076,1909f56bfc062723c751e8b465ee728b)
Start importing Assets/Final Form Studio/Cliff-scene/Props/Materials and Textures/palm-tree-leaves.mat using Guid(99f66698ff7562745a97a8ca3724b747) Importer(815301076,1909f56bfc062723c751e8b465ee728b)  -> (artifact id: '9d9d91855936670ac0f42ab48b36a69d') in 0.021246 seconds 
  Import took 0.024011 seconds .

========================================================================
Received Import Request.
  Time since last request: 0.000044 seconds.
  path: Assets/Final Form Studio/Cliff-scene/Props/Meshes/road.fbx
  artifactKey: Guid(220dc40546410aa4bbf9b997ab07dcf7) Importer(815301076,1909f56bfc062723c751e8b465ee728b)
Start importing Assets/Final Form Studio/Cliff-scene/Props/Meshes/road.fbx using Guid(220dc40546410aa4bbf9b997ab07dcf7) Importer(815301076,1909f56bfc062723c751e8b465ee728b)  -> (artifact id: '5a84f01cf14de9c7bc74769014ade516') in 0.033363 seconds 
  Import took 0.036090 seconds .

========================================================================
Received Import Request.
  Time since last request: 0.000175 seconds.
  path: Assets/Final Form Studio/Cliff-scene/Props/Materials and Textures/Terrain_textures/New Material.mat
  artifactKey: Guid(ae40bc4e1ca41244ab8abd191c8c463d) Importer(815301076,1909f56bfc062723c751e8b465ee728b)
Start importing Assets/Final Form Studio/Cliff-scene/Props/Materials and Textures/Terrain_textures/New Material.mat using Guid(ae40bc4e1ca41244ab8abd191c8c463d) Importer(815301076,1909f56bfc062723c751e8b465ee728b)  -> (artifact id: 'b128833479d2bc868aa32474d5c4ca22') in 0.016623 seconds 
  Import took 0.021104 seconds .

========================================================================
Received Import Request.
  Time since last request: 0.000237 seconds.
  path: Assets/Final Form Studio/Cliff-scene/Props/Materials and Textures/palm-tree-bark.mat
  artifactKey: Guid(1eb279e37d32c304899861e7306a8f4f) Importer(815301076,1909f56bfc062723c751e8b465ee728b)
Start importing Assets/Final Form Studio/Cliff-scene/Props/Materials and Textures/palm-tree-bark.mat using Guid(1eb279e37d32c304899861e7306a8f4f) Importer(815301076,1909f56bfc062723c751e8b465ee728b)  -> (artifact id: 'cf48227a51f77cbd0fd912f11e4439c9') in 0.016632 seconds 
  Import took 0.024366 seconds .

========================================================================
Received Import Request.
  Time since last request: 139.277586 seconds.
  path: Assets/Final Form Studio/Cars/Sedan-car-01/materials_textures
  artifactKey: Guid(fcd1abdfa369d3f448f8e52882c16960) Importer(815301076,1909f56bfc062723c751e8b465ee728b)
Start importing Assets/Final Form Studio/Cars/Sedan-car-01/materials_textures using Guid(fcd1abdfa369d3f448f8e52882c16960) Importer(815301076,1909f56bfc062723c751e8b465ee728b)  -> (artifact id: 'e5ab29679a14bb1e5ca2fb74d5b8d396') in 0.009645 seconds 
  Import took 0.030288 seconds .

========================================================================
Received Import Request.
  Time since last request: 329.320164 seconds.
  path: Assets/Final Form Studio/Cliff-scene
  artifactKey: Guid(79f47ec4e4bec4943a10fa54e9468204) Importer(815301076,1909f56bfc062723c751e8b465ee728b)
Start importing Assets/Final Form Studio/Cliff-scene using Guid(79f47ec4e4bec4943a10fa54e9468204) Importer(815301076,1909f56bfc062723c751e8b465ee728b)  -> (artifact id: '4198bca192412e82faa0f1a4101af6f5') in 0.012251 seconds 
  Import took 0.040105 seconds .

========================================================================
Received Import Request.
  Time since last request: 1.891682 seconds.
  path: Assets/Final Form Studio/Cliff-scene/SampleScene.unity
  artifactKey: Guid(cbfe36cfddfde964d9dfce63a355d5dd) Importer(815301076,1909f56bfc062723c751e8b465ee728b)
Start importing Assets/Final Form Studio/Cliff-scene/SampleScene.unity using Guid(cbfe36cfddfde964d9dfce63a355d5dd) Importer(815301076,1909f56bfc062723c751e8b465ee728b)  -> (artifact id: 'b9f98a56161e68c6e53fb0fb18965929') in 0.010596 seconds 
  Import took 0.013910 seconds .

========================================================================
Received Import Request.
  Time since last request: 27.532191 seconds.
  path: Assets/Scenes/SampleScene.unity
  artifactKey: Guid(9fc0d4010bbf28b4594072e72b8655ab) Importer(815301076,1909f56bfc062723c751e8b465ee728b)
Start importing Assets/Scenes/SampleScene.unity using Guid(9fc0d4010bbf28b4594072e72b8655ab) Importer(815301076,1909f56bfc062723c751e8b465ee728b)  -> (artifact id: '24bfcc5117fbbf8d7655521a070e7db8') in 0.004711 seconds 
  Import took 0.009035 seconds .

